<?xml version="1.0" encoding="UTF-8"?>
<testng-results ignored="0" total="1" passed="1" failed="0" skipped="0">
  <reporter-output>
  </reporter-output>
  <suite started-at="2021-11-11T12:00:02 IST" name="Suite" finished-at="2021-11-11T12:00:27 IST" duration-ms="24705">
    <groups>
    </groups>
    <test started-at="2021-11-11T12:00:02 IST" name="Test" finished-at="2021-11-11T12:00:02 IST" duration-ms="11">
    </test> <!-- Test -->
    <test started-at="2021-11-11T12:00:02 IST" name="LoginTest" finished-at="2021-11-11T12:00:27 IST" duration-ms="24629">
      <class name="com.Testing.testcase.LoginTest">
        <test-method is-config="true" signature="springTestContextBeforeTestClass()[pri:0, instance:com.Testing.testcase.LoginTest@32502377]" started-at="2021-11-11T12:00:02 IST" name="springTestContextBeforeTestClass" finished-at="2021-11-11T12:00:02 IST" duration-ms="13" status="PASS">
          <reporter-output>
          </reporter-output>
        </test-method> <!-- springTestContextBeforeTestClass -->
        <test-method is-config="true" signature="springTestContextPrepareTestInstance()[pri:0, instance:com.Testing.testcase.LoginTest@32502377]" started-at="2021-11-11T12:00:02 IST" name="springTestContextPrepareTestInstance" finished-at="2021-11-11T12:00:05 IST" depends-on-methods="org.springframework.test.context.testng.AbstractTestNGSpringContextTests.springTestContextBeforeTestClass" duration-ms="3004" status="PASS">
          <reporter-output>
          </reporter-output>
        </test-method> <!-- springTestContextPrepareTestInstance -->
        <test-method is-config="true" signature="springTestContextBeforeTestMethod(java.lang.reflect.Method)[pri:0, instance:com.Testing.testcase.LoginTest@32502377]" started-at="2021-11-11T12:00:05 IST" name="springTestContextBeforeTestMethod" finished-at="2021-11-11T12:00:05 IST" duration-ms="3" status="PASS">
          <params>
            <param index="0">
              <value>
                <![CDATA[public void com.Testing.testcase.LoginTest.test_success() throws java.io.IOException]]>
              </value>
            </param>
          </params>
          <reporter-output>
          </reporter-output>
        </test-method> <!-- springTestContextBeforeTestMethod -->
        <test-method signature="test_success()[pri:0, instance:com.Testing.testcase.LoginTest@32502377]" started-at="2021-11-11T12:00:05 IST" name="test_success" finished-at="2021-11-11T12:00:26 IST" duration-ms="21290" status="PASS">
          <reporter-output>
          </reporter-output>
        </test-method> <!-- test_success -->
        <test-method is-config="true" signature="springTestContextAfterTestMethod(java.lang.reflect.Method)[pri:0, instance:com.Testing.testcase.LoginTest@32502377]" started-at="2021-11-11T12:00:27 IST" name="springTestContextAfterTestMethod" finished-at="2021-11-11T12:00:27 IST" duration-ms="13" status="PASS">
          <params>
            <param index="0">
              <value>
                <![CDATA[public void com.Testing.testcase.LoginTest.test_success() throws java.io.IOException]]>
              </value>
            </param>
          </params>
          <reporter-output>
          </reporter-output>
        </test-method> <!-- springTestContextAfterTestMethod -->
        <test-method is-config="true" signature="springTestContextAfterTestClass()[pri:0, instance:com.Testing.testcase.LoginTest@32502377]" started-at="2021-11-11T12:00:27 IST" name="springTestContextAfterTestClass" finished-at="2021-11-11T12:00:27 IST" duration-ms="2" status="PASS">
          <reporter-output>
          </reporter-output>
        </test-method> <!-- springTestContextAfterTestClass -->
      </class> <!-- com.Testing.testcase.LoginTest -->
    </test> <!-- LoginTest -->
  </suite> <!-- Suite -->
</testng-results>
